\BOOKMARK [0][-]{chapter.1}{Introduction}{}% 1
\BOOKMARK [1][-]{section.1.1}{Parallel Reality}{chapter.1}% 2
\BOOKMARK [1][-]{section.1.2}{Contributions}{chapter.1}% 3
\BOOKMARK [1][-]{section.1.3}{Document Overview}{chapter.1}% 4
\BOOKMARK [0][-]{chapter.2}{Background, Theory and Rationale}{}% 5
\BOOKMARK [1][-]{section.2.1}{Overview}{chapter.2}% 6
\BOOKMARK [1][-]{section.2.2}{Defining Alternate Realities}{chapter.2}% 7
\BOOKMARK [2][-]{subsection.2.2.1}{Milgram and Kishino's Reality-Virtuality Continuum}{section.2.2}% 8
\BOOKMARK [2][-]{subsection.2.2.2}{Steve Mann's Venn Diagrams}{section.2.2}% 9
\BOOKMARK [2][-]{subsection.2.2.3}{Roy Want's Virtuality Matrix}{section.2.2}% 10
\BOOKMARK [2][-]{subsection.2.2.4}{Adopted Alternate Reality Definitions}{section.2.2}% 11
\BOOKMARK [1][-]{section.2.3}{A New Category of Alternate Reality}{chapter.2}% 12
\BOOKMARK [2][-]{subsection.2.3.1}{Cross Reality}{section.2.3}% 13
\BOOKMARK [2][-]{subsection.2.3.2}{Parallel Reality}{section.2.3}% 14
\BOOKMARK [2][-]{subsection.2.3.3}{Spatial Equivalence in Parallel Reality}{section.2.3}% 15
\BOOKMARK [2][-]{subsection.2.3.4}{Additional Alternate Reality Definitions}{section.2.3}% 16
\BOOKMARK [1][-]{section.2.4}{Alternate Reality Experience}{chapter.2}% 17
\BOOKMARK [2][-]{subsection.2.4.1}{Waterworth and Waterworth's three dimensions of virtual experience}{section.2.4}% 18
\BOOKMARK [2][-]{subsection.2.4.2}{The Combined Milgram/Waterworth Model}{section.2.4}% 19
\BOOKMARK [2][-]{subsection.2.4.3}{Experience in Parallel Reality}{section.2.4}% 20
\BOOKMARK [2][-]{subsection.2.4.4}{Parallel Reality and the Combined Milgram/Waterworth Model}{section.2.4}% 21
\BOOKMARK [1][-]{section.2.5}{The Case for Parallel Reality}{chapter.2}% 22
\BOOKMARK [1][-]{section.2.6}{Summary}{chapter.2}% 23
\BOOKMARK [0][-]{chapter.3}{A Virtual Time Window}{}% 24
\BOOKMARK [1][-]{section.3.1}{Virtual Heritage}{chapter.3}% 25
\BOOKMARK [2][-]{subsection.3.1.1}{Alternate Reality Techniques in Virtual Heritage}{section.3.1}% 26
\BOOKMARK [2][-]{subsection.3.1.2}{Virtual Heritage at the University of St Andrews}{section.3.1}% 27
\BOOKMARK [2][-]{subsection.3.1.3}{Parallel Reality in Virtual Heritage}{section.3.1}% 28
\BOOKMARK [1][-]{section.3.2}{The Virtual Time Window}{chapter.3}% 29
\BOOKMARK [2][-]{subsection.3.2.1}{Second Life and Mobility}{section.3.2}% 30
\BOOKMARK [1][-]{section.3.3}{Orientation Control}{chapter.3}% 31
\BOOKMARK [2][-]{subsection.3.3.1}{Exploiting Second Life's Joystick Support}{section.3.3}% 32
\BOOKMARK [1][-]{section.3.4}{Position Control}{chapter.3}% 33
\BOOKMARK [2][-]{subsection.3.4.1}{GPS Receivers}{section.3.4}% 34
\BOOKMARK [2][-]{subsection.3.4.2}{OpenSim Region Module}{section.3.4}% 35
\BOOKMARK [1][-]{section.3.5}{Modifying Second Life for Orientation and Position Control}{chapter.3}% 36
\BOOKMARK [2][-]{subsection.3.5.1}{Overview of Second Life Client Modifications}{section.3.5}% 37
\BOOKMARK [2][-]{subsection.3.5.2}{LLViewerSerialMovement reference}{section.3.5}% 38
\BOOKMARK [1][-]{section.3.6}{VTW in Use}{chapter.3}% 39
\BOOKMARK [2][-]{subsection.3.6.1}{Experimental Implementation}{section.3.6}% 40
\BOOKMARK [2][-]{subsection.3.6.2}{Real World Performance of VTW}{section.3.6}% 41
\BOOKMARK [2][-]{subsection.3.6.3}{Performance Implications}{section.3.6}% 42
\BOOKMARK [1][-]{section.3.7}{Summary}{chapter.3}% 43
\BOOKMARK [0][-]{chapter.4}{Mirrorshades}{}% 44
\BOOKMARK [1][-]{section.4.1}{Learning from VTW}{chapter.4}% 45
\BOOKMARK [2][-]{subsection.4.1.1}{The Mirrorshades Platform}{section.4.1}% 46
\BOOKMARK [2][-]{subsection.4.1.2}{St Salvator's Chapel}{section.4.1}% 47
\BOOKMARK [1][-]{section.4.2}{Virtual Reality Head Mounted Displays}{chapter.4}% 48
\BOOKMARK [2][-]{subsection.4.2.1}{The Oculus Rift DK1 and Unity Game Engine}{section.4.2}% 49
\BOOKMARK [2][-]{subsection.4.2.2}{Modifying the DK1 for See Through Video}{section.4.2}% 50
\BOOKMARK [2][-]{subsection.4.2.3}{Switchable Stereoscopic See Through Video with Unity}{section.4.2}% 51
\BOOKMARK [2][-]{subsection.4.2.4}{Latency of DK1 See Through Video Solution}{section.4.2}% 52
\BOOKMARK [2][-]{subsection.4.2.5}{Registration of Camera and Unity Visuals}{section.4.2}% 53
\BOOKMARK [2][-]{subsection.4.2.6}{Constraints of DK1 See Through Solution}{section.4.2}% 54
\BOOKMARK [1][-]{section.4.3}{Indoor Positioning Systems}{chapter.4}% 55
\BOOKMARK [2][-]{subsection.4.3.1}{IPS Requirements for Mirrorshades}{section.4.3}% 56
\BOOKMARK [2][-]{subsection.4.3.2}{PlayStation Move}{section.4.3}% 57
\BOOKMARK [2][-]{subsection.4.3.3}{Indoor Atlas}{section.4.3}% 58
\BOOKMARK [1][-]{section.4.4}{Mobile Client}{chapter.4}% 59
\BOOKMARK [2][-]{subsection.4.4.1}{Integrating IndoorAtlas and Unity}{section.4.4}% 60
\BOOKMARK [1][-]{section.4.5}{Informing Transitions Between RW and VR}{chapter.4}% 61
\BOOKMARK [1][-]{section.4.6}{Transition Types}{chapter.4}% 62
\BOOKMARK [2][-]{subsection.4.6.1}{Hard switch}{section.4.6}% 63
\BOOKMARK [2][-]{subsection.4.6.2}{Transition with linear interpolation}{section.4.6}% 64
\BOOKMARK [2][-]{subsection.4.6.3}{Analogue selectable opacity}{section.4.6}% 65
\BOOKMARK [2][-]{subsection.4.6.4}{Periodic hard switches}{section.4.6}% 66
\BOOKMARK [2][-]{subsection.4.6.5}{Reduced maximum opacity}{section.4.6}% 67
\BOOKMARK [1][-]{section.4.7}{The Assembled Mirrorshades PR Platform}{chapter.4}% 68
\BOOKMARK [2][-]{subsection.4.7.1}{Hardware Components}{section.4.7}% 69
\BOOKMARK [2][-]{subsection.4.7.2}{Software Components}{section.4.7}% 70
\BOOKMARK [2][-]{subsection.4.7.3}{Execution}{section.4.7}% 71
\BOOKMARK [1][-]{section.4.8}{Initial Testing}{chapter.4}% 72
\BOOKMARK [1][-]{section.4.9}{Summary}{chapter.4}% 73
\BOOKMARK [0][-]{chapter.5}{Evaluation - Merit of PR}{}% 74
\BOOKMARK [1][-]{section.5.1}{Overview}{chapter.5}% 75
\BOOKMARK [1][-]{section.5.2}{Stage 1 - PR for Virtual Heritage}{chapter.5}% 76
\BOOKMARK [2][-]{subsection.5.2.1}{Design of the Scenarios}{section.5.2}% 77
\BOOKMARK [2][-]{subsection.5.2.2}{Evaluation Techniques}{section.5.2}% 78
\BOOKMARK [1][-]{section.5.3}{Stage 1 Results}{chapter.5}% 79
\BOOKMARK [2][-]{subsection.5.3.1}{SUS}{section.5.3}% 80
\BOOKMARK [2][-]{subsection.5.3.2}{Likert-type Questionnaires}{section.5.3}% 81
\BOOKMARK [2][-]{subsection.5.3.3}{Interview Transcripts}{section.5.3}% 82
\BOOKMARK [2][-]{subsection.5.3.4}{Log Data}{section.5.3}% 83
\BOOKMARK [1][-]{section.5.4}{Summary}{chapter.5}% 84
\BOOKMARK [0][-]{chapter.6}{Evaluation - Informing PR}{}% 85
\BOOKMARK [1][-]{section.6.1}{Overview}{chapter.6}% 86
\BOOKMARK [1][-]{section.6.2}{Evaluation Techniques}{chapter.6}% 87
\BOOKMARK [2][-]{subsection.6.2.1}{Presence Questionnaires}{section.6.2}% 88
\BOOKMARK [2][-]{subsection.6.2.2}{The Igroup Presence Questionnaire}{section.6.2}% 89
\BOOKMARK [1][-]{section.6.3}{Stage 2.1 - Evaluating Transition styles}{chapter.6}% 90
\BOOKMARK [1][-]{section.6.4}{Stage 2.1 Results}{chapter.6}% 91
\BOOKMARK [2][-]{subsection.6.4.1}{Likert-type Questionnaires}{section.6.4}% 92
\BOOKMARK [2][-]{subsection.6.4.2}{Interview Transcripts}{section.6.4}% 93
\BOOKMARK [2][-]{subsection.6.4.3}{Log Data}{section.6.4}% 94
\BOOKMARK [2][-]{subsection.6.4.4}{IPQ}{section.6.4}% 95
\BOOKMARK [2][-]{subsection.6.4.5}{Stage 2.1 Summary}{section.6.4}% 96
\BOOKMARK [1][-]{section.6.5}{Stage 2.2 - Default Views}{chapter.6}% 97
\BOOKMARK [1][-]{section.6.6}{Stage 2.2 Results}{chapter.6}% 98
\BOOKMARK [2][-]{subsection.6.6.1}{Likert-type Questionnaires}{section.6.6}% 99
\BOOKMARK [2][-]{subsection.6.6.2}{Interview Transcripts}{section.6.6}% 100
\BOOKMARK [2][-]{subsection.6.6.3}{Log Data}{section.6.6}% 101
\BOOKMARK [2][-]{subsection.6.6.4}{IPQ}{section.6.6}% 102
\BOOKMARK [2][-]{subsection.6.6.5}{Stage 2.2 Summary}{section.6.6}% 103
\BOOKMARK [1][-]{section.6.7}{Best Practices for PR}{chapter.6}% 104
\BOOKMARK [0][-]{chapter.7}{Conclusion}{}% 105
\BOOKMARK [1][-]{section.7.1}{Contributions}{chapter.7}% 106
\BOOKMARK [1][-]{section.7.2}{Future Work}{chapter.7}% 107
\BOOKMARK [1][-]{section.7.3}{Final Thoughts}{chapter.7}% 108
\BOOKMARK [0][-]{section.7.3}{Appendices}{}% 109
\BOOKMARK [0][-]{Appendix.1.A}{Stage 1 Evaluation 12-item Likert-type Questionnaire}{}% 110
\BOOKMARK [0][-]{Appendix.1.B}{Stage 1 Interview Prompts}{}% 111
\BOOKMARK [0][-]{Appendix.1.C}{Stage 2.1 12-item Likert-type Questionnaire}{}% 112
\BOOKMARK [0][-]{Appendix.1.D}{Stage 2.2 9-item Likert-type Questionnaire}{}% 113
\BOOKMARK [0][-]{Appendix.1.E}{Stage 2.1 Interview Prompts}{}% 114
\BOOKMARK [0][-]{Appendix.1.F}{Stage 2.2 Interview Prompts}{}% 115
\BOOKMARK [0][-]{Appendix.1.G}{Igroup Presence Questionnaire \(IPQ\)}{}% 116
\BOOKMARK [0][-]{Appendix.1.G}{Bibliography}{}% 117
