This is pdfTeX, Version 3.14159265-2.6-1.40.15 (TeX Live 2014/Arch Linux) (preloaded format=pdflatex 2014.11.18)  26 NOV 2014 11:19
entering extended mode
 restricted \write18 enabled.
 %&-line parsing enabled.
**thesis.tex
(./thesis.tex
LaTeX2e <2014/05/01>
Babel <3.9k> and hyphenation patterns for 79 languages loaded.
(/usr/share/texmf-dist/tex/latex/base/report.cls
Document Class: report 2007/10/19 v1.4h Standard LaTeX document class
(/usr/share/texmf-dist/tex/latex/base/size10.clo
File: size10.clo 2007/10/19 v1.4h Standard LaTeX file (size option)
)
\c@part=\count79
\c@chapter=\count80
\c@section=\count81
\c@subsection=\count82
\c@subsubsection=\count83
\c@paragraph=\count84
\c@subparagraph=\count85
\c@figure=\count86
\c@table=\count87
\abovecaptionskip=\skip41
\belowcaptionskip=\skip42
\bibindent=\dimen102
)
(/usr/share/texmf-dist/tex/latex/preprint/fullpage.sty
Package: fullpage 1999/02/23 1.1 (PWD)
\FP@margin=\skip43
)
(/usr/share/texmf-dist/tex/latex/graphics/graphicx.sty
Package: graphicx 2014/04/25 v1.0g Enhanced LaTeX Graphics (DPC,SPQR)

(/usr/share/texmf-dist/tex/latex/graphics/keyval.sty
Package: keyval 2014/05/08 v1.15 key=value parser (DPC)
\KV@toks@=\toks14
)
(/usr/share/texmf-dist/tex/latex/graphics/graphics.sty
Package: graphics 2009/02/05 v1.0o Standard LaTeX Graphics (DPC,SPQR)

(/usr/share/texmf-dist/tex/latex/graphics/trig.sty
Package: trig 1999/03/16 v1.09 sin cos tan (DPC)
)
(/usr/share/texmf-dist/tex/latex/latexconfig/graphics.cfg
File: graphics.cfg 2010/04/23 v1.9 graphics configuration of TeX Live
)
Package graphics Info: Driver file: pdftex.def on input line 91.

(/usr/share/texmf-dist/tex/latex/pdftex-def/pdftex.def
File: pdftex.def 2011/05/27 v0.06d Graphics/color for pdfTeX

(/usr/share/texmf-dist/tex/generic/oberdiek/infwarerr.sty
Package: infwarerr 2010/04/08 v1.3 Providing info/warning/error messages (HO)
)
(/usr/share/texmf-dist/tex/generic/oberdiek/ltxcmds.sty
Package: ltxcmds 2011/11/09 v1.22 LaTeX kernel commands for general use (HO)
)
\Gread@gobject=\count88
))
\Gin@req@height=\dimen103
\Gin@req@width=\dimen104
)
(/usr/share/texmf-dist/tex/latex/natbib/natbib.sty
Package: natbib 2010/09/13 8.31b (PWD, AO)
\bibhang=\skip44
\bibsep=\skip45
LaTeX Info: Redefining \cite on input line 694.
\c@NAT@ctr=\count89
) (./thesis.aux

LaTeX Warning: Label `sus' multiply defined.

)
\openout1 = `thesis.aux'.

LaTeX Font Info:    Checking defaults for OML/cmm/m/it on input line 13.
LaTeX Font Info:    ... okay on input line 13.
LaTeX Font Info:    Checking defaults for T1/cmr/m/n on input line 13.
LaTeX Font Info:    ... okay on input line 13.
LaTeX Font Info:    Checking defaults for OT1/cmr/m/n on input line 13.
LaTeX Font Info:    ... okay on input line 13.
LaTeX Font Info:    Checking defaults for OMS/cmsy/m/n on input line 13.
LaTeX Font Info:    ... okay on input line 13.
LaTeX Font Info:    Checking defaults for OMX/cmex/m/n on input line 13.
LaTeX Font Info:    ... okay on input line 13.
LaTeX Font Info:    Checking defaults for U/cmr/m/n on input line 13.
LaTeX Font Info:    ... okay on input line 13.
 (/usr/share/texmf-dist/tex/context/base/supp-pdf.mkii
[Loading MPS to PDF converter (version 2006.09.02).]
\scratchcounter=\count90
\scratchdimen=\dimen105
\scratchbox=\box26
\nofMPsegments=\count91
\nofMParguments=\count92
\everyMPshowfont=\toks15
\MPscratchCnt=\count93
\MPscratchDim=\dimen106
\MPnumerator=\count94
\makeMPintoPDFobject=\count95
\everyMPtoPDFconversion=\toks16
) (/usr/share/texmf-dist/tex/generic/oberdiek/pdftexcmds.sty
Package: pdftexcmds 2011/11/29 v0.20 Utility functions of pdfTeX for LuaTeX (HO
)

(/usr/share/texmf-dist/tex/generic/oberdiek/ifluatex.sty
Package: ifluatex 2010/03/01 v1.3 Provides the ifluatex switch (HO)
Package ifluatex Info: LuaTeX not detected.
)
(/usr/share/texmf-dist/tex/generic/oberdiek/ifpdf.sty
Package: ifpdf 2011/01/30 v2.3 Provides the ifpdf switch (HO)
Package ifpdf Info: pdfTeX in PDF mode is detected.
)
Package pdftexcmds Info: LuaTeX not detected.
Package pdftexcmds Info: \pdf@primitive is available.
Package pdftexcmds Info: \pdf@ifprimitive is available.
Package pdftexcmds Info: \pdfdraftmode found.
)
(/usr/share/texmf-dist/tex/latex/oberdiek/epstopdf-base.sty
Package: epstopdf-base 2010/02/09 v2.5 Base part for package epstopdf

(/usr/share/texmf-dist/tex/latex/oberdiek/grfext.sty
Package: grfext 2010/08/19 v1.1 Manage graphics extensions (HO)

(/usr/share/texmf-dist/tex/generic/oberdiek/kvdefinekeys.sty
Package: kvdefinekeys 2011/04/07 v1.3 Define keys (HO)
))
(/usr/share/texmf-dist/tex/latex/oberdiek/kvoptions.sty
Package: kvoptions 2011/06/30 v3.11 Key value format for package options (HO)

(/usr/share/texmf-dist/tex/generic/oberdiek/kvsetkeys.sty
Package: kvsetkeys 2012/04/25 v1.16 Key value parser (HO)

(/usr/share/texmf-dist/tex/generic/oberdiek/etexcmds.sty
Package: etexcmds 2011/02/16 v1.5 Avoid name clashes with e-TeX commands (HO)
Package etexcmds Info: Could not find \expanded.
(etexcmds)             That can mean that you are not using pdfTeX 1.50 or
(etexcmds)             that some package has redefined \expanded.
(etexcmds)             In the latter case, load this package earlier.
)))
Package grfext Info: Graphics extension search list:
(grfext)             [.png,.pdf,.jpg,.mps,.jpeg,.jbig2,.jb2,.PNG,.PDF,.JPG,.JPE
G,.JBIG2,.JB2,.eps]
(grfext)             \AppendGraphicsExtensions on input line 452.

(/usr/share/texmf-dist/tex/latex/latexconfig/epstopdf-sys.cfg
File: epstopdf-sys.cfg 2010/07/13 v1.3 Configuration of (r)epstopdf for TeX Liv
e
))
LaTeX Font Info:    External font `cmex10' loaded for size
(Font)              <12> on input line 20.
LaTeX Font Info:    External font `cmex10' loaded for size
(Font)              <8> on input line 20.
LaTeX Font Info:    External font `cmex10' loaded for size
(Font)              <6> on input line 20.
 [1

{/var/lib/texmf/fonts/map/pdftex/updmap/pdftex.map}] (./00_abstract/abstract.te
x
LaTeX Font Info:    Try loading font information for OMS+cmr on input line 2.

(/usr/share/texmf-dist/tex/latex/base/omscmr.fd
File: omscmr.fd 1999/05/25 v2.5h Standard LaTeX font definitions
)
LaTeX Font Info:    Font shape `OMS/cmr/m/n' in size <10> not available
(Font)              Font shape `OMS/cmsy/m/n' tried instead on input line 2.
) [1

]
(./00_acknowledgements/acknowledgements.tex) [2

] (./thesis.toc
LaTeX Font Info:    External font `cmex10' loaded for size
(Font)              <7> on input line 4.
LaTeX Font Info:    External font `cmex10' loaded for size
(Font)              <5> on input line 4.
 [3

])
\tf@toc=\write3
\openout3 = `thesis.toc'.

 [4]
 1.
(./01/content.tex) [5

]
 2.
(./02/content.tex) [6

]
 3.
(./03/content.tex) (./03/literature_review.tex
Underfull \hbox (badness 10000) in paragraph at lines 9--10

 []


Underfull \hbox (badness 10000) in paragraph at lines 9--10

 []


Underfull \hbox (badness 10000) in paragraph at lines 11--16

 []


Underfull \hbox (badness 10000) in paragraph at lines 11--16

 []

[7

] [8]
<03/images/reality_virtuality_extent_of_world_knowledge_continuum.png, id=38, 5
66.115pt x 204.765pt>
File: 03/images/reality_virtuality_extent_of_world_knowledge_continuum.png Grap
hic file (type png)

<use 03/images/reality_virtuality_extent_of_world_knowledge_continuum.png>
Package pdftex.def Info: 03/images/reality_virtuality_extent_of_world_knowledge
_continuum.png used on input line 44.
(pdftex.def)             Requested size: 375.80544pt x 135.93266pt.


LaTeX Warning: `h' float specifier changed to `ht'.

[9]
<03/images/reality_virtuality_mixed_reality_continuum.png, id=42, 566.115pt x 1
83.68625pt>
File: 03/images/reality_virtuality_mixed_reality_continuum.png Graphic file (ty
pe png)
 <use 03/images/reality_virtuality_mixed_reality_continuum.png>
Package pdftex.def Info: 03/images/reality_virtuality_mixed_reality_continuum.p
ng used on input line 55.
(pdftex.def)             Requested size: 375.80544pt x 121.93959pt.

[10 <./03/images/reality_virtuality_extent_of_world_knowledge_continuum.png (PN
G copy)> <./03/images/reality_virtuality_mixed_reality_continuum.png (PNG copy)
>]
<03/images/original_virtuality_matrix.png, id=46, 522.95375pt x 233.87375pt>
File: 03/images/original_virtuality_matrix.png Graphic file (type png)

<use 03/images/original_virtuality_matrix.png>
Package pdftex.def Info: 03/images/original_virtuality_matrix.png used on input
 line 75.
(pdftex.def)             Requested size: 375.80544pt x 168.06778pt.

<03/images/modified_virtuality_matrix.png, id=47, 522.95375pt x 233.87375pt>
File: 03/images/modified_virtuality_matrix.png Graphic file (type png)

<use 03/images/modified_virtuality_matrix.png>
Package pdftex.def Info: 03/images/modified_virtuality_matrix.png used on input
 line 84.
(pdftex.def)             Requested size: 375.80544pt x 168.06778pt.
 [11 <./03/images/original_virtuality_matrix.png (PNG copy)> <./03/images/modif
ied_virtuality_matrix.png>]
<03/images/original_lifton_axis.png, id=53, 855.195pt x 284.06125pt>
File: 03/images/original_lifton_axis.png Graphic file (type png)

<use 03/images/original_lifton_axis.png>
Package pdftex.def Info: 03/images/original_lifton_axis.png used on input line 
108.
(pdftex.def)             Requested size: 469.75502pt x 156.03044pt.


LaTeX Warning: `h' float specifier changed to `ht'.

<03/images/modified_lifton_axis.png, id=54, 855.195pt x 321.2pt>
File: 03/images/modified_lifton_axis.png Graphic file (type png)

<use 03/images/modified_lifton_axis.png>
Package pdftex.def Info: 03/images/modified_lifton_axis.png used on input line 
115.
(pdftex.def)             Requested size: 469.75502pt x 176.43019pt.


LaTeX Warning: `h' float specifier changed to `ht'.

[12] [13 <./03/images/original_lifton_axis.png (PNG copy)> <./03/images/modifie
d_lifton_axis.png>] [14] <03/images/mit_plug.jpg, id=66, 794.97pt x 614.295pt>
File: 03/images/mit_plug.jpg Graphic file (type jpg)

<use 03/images/mit_plug.jpg>
Package pdftex.def Info: 03/images/mit_plug.jpg used on input line 178.
(pdftex.def)             Requested size: 469.75502pt x 363.00267pt.


LaTeX Warning: `h' float specifier changed to `ht'.

[15] [16 <./03/images/mit_plug.jpg>] [17]
<03/images/lifton_data_ponds.png, id=76, 821.0675pt x 548.0475pt>
File: 03/images/lifton_data_ponds.png Graphic file (type png)

<use 03/images/lifton_data_ponds.png>
Package pdftex.def Info: 03/images/lifton_data_ponds.png used on input line 222
.
(pdftex.def)             Requested size: 469.75502pt x 313.5527pt.

<03/images/lifton_shadow_lab.png, id=77, 822.07124pt x 588.1975pt>
File: 03/images/lifton_shadow_lab.png Graphic file (type png)

<use 03/images/lifton_shadow_lab.png>
Package pdftex.def Info: 03/images/lifton_shadow_lab.png used on input line 229
.
(pdftex.def)             Requested size: 469.75502pt x 336.11075pt.


LaTeX Warning: `h' float specifier changed to `ht'.

[18 <./03/images/lifton_data_ponds.png (PNG copy)>]
<03/images/ubiquitous_sensor_portal.jpg, id=82, 360.53798pt x 377.59045pt>
File: 03/images/ubiquitous_sensor_portal.jpg Graphic file (type jpg)

<use 03/images/ubiquitous_sensor_portal.jpg>
Package pdftex.def Info: 03/images/ubiquitous_sensor_portal.jpg used on input l
ine 241.
(pdftex.def)             Requested size: 281.85587pt x 295.1877pt.


LaTeX Warning: `h' float specifier changed to `ht'.

[19 <./03/images/lifton_shadow_lab.png (PNG copy)>]
<03/images/ubiquitous_sensor_portal_virtual.png, id=86, 602.25pt x 481.8pt>
File: 03/images/ubiquitous_sensor_portal_virtual.png Graphic file (type png)

<use 03/images/ubiquitous_sensor_portal_virtual.png>
Package pdftex.def Info: 03/images/ubiquitous_sensor_portal_virtual.png used on
 input line 250.
(pdftex.def)             Requested size: 375.80544pt x 300.65375pt.


LaTeX Warning: `h' float specifier changed to `ht'.

[20 <./03/images/ubiquitous_sensor_portal.jpg>] [21 <./03/images/ubiquitous_sen
sor_portal_virtual.png>] [22] [23] [24] [25] [26] [27] [28] [29] [30] [31]
<03/images/mpeg_-_v_diagram.png, id=125, 906.38625pt x 682.55pt>
File: 03/images/mpeg_-_v_diagram.png Graphic file (type png)

<use 03/images/mpeg_-_v_diagram.png>
Package pdftex.def Info: 03/images/mpeg_-_v_diagram.png used on input line 466.

(pdftex.def)             Requested size: 469.75502pt x 353.74075pt.
 [32 <./03/images/mpeg_-_v_diagram.png (PNG copy)>]
Underfull \hbox (badness 10000) in paragraph at lines 489--494

 []


Underfull \hbox (badness 10000) in paragraph at lines 489--494

 []

[33] [34]
Underfull \hbox (badness 10000) in paragraph at lines 522--542

 []


Underfull \hbox (badness 10000) in paragraph at lines 522--542

 []


Underfull \hbox (badness 10000) in paragraph at lines 522--542

 []


Underfull \hbox (badness 10000) in paragraph at lines 522--542

 []


Underfull \hbox (badness 10000) in paragraph at lines 522--542

 []


Underfull \hbox (badness 10000) in paragraph at lines 522--542

 []

[35]) [36]
 4.
(./04/content.tex) [37

]
 5.
(./05/content.tex
<05/images/virtuality-continuum-original.png, id=145, 1927.2pt x 293.095pt>
File: 05/images/virtuality-continuum-original.png Graphic file (type png)

<use 05/images/virtuality-continuum-original.png>
Package pdftex.def Info: 05/images/virtuality-continuum-original.png used on in
put line 22.
(pdftex.def)             Requested size: 469.75502pt x 71.43993pt.


LaTeX Warning: `h' float specifier changed to `ht'.

[38

]
<05/images/virtuality-continuum-augmented-reality.png, id=150, 1927.2pt x 357.3
35pt>
File: 05/images/virtuality-continuum-augmented-reality.png Graphic file (type p
ng)
 <use 05/images/virtuality-continuum-augmented-reality.png>
Package pdftex.def Info: 05/images/virtuality-continuum-augmented-reality.png u
sed on input line 34.
(pdftex.def)             Requested size: 469.75502pt x 87.098pt.

<05/images/virtuality-continuum-cross-reality-1.png, id=151, 1927.2pt x 322.203
75pt>
File: 05/images/virtuality-continuum-cross-reality-1.png Graphic file (type png
)
 <use 05/images/virtuality-continuum-cross-reality-1.png>
Package pdftex.def Info: 05/images/virtuality-continuum-cross-reality-1.png use
d on input line 42.
(pdftex.def)             Requested size: 469.75502pt x 78.535pt.

<05/images/virtuality-continuum-cross-reality-2.png, id=152, 1927.2pt x 345.29p
t>
File: 05/images/virtuality-continuum-cross-reality-2.png Graphic file (type png
)
 <use 05/images/virtuality-continuum-cross-reality-2.png>
Package pdftex.def Info: 05/images/virtuality-continuum-cross-reality-2.png use
d on input line 50.
(pdftex.def)             Requested size: 469.75502pt x 84.16211pt.


LaTeX Warning: `h' float specifier changed to `ht'.


<05/images/virtuality-continuum-cross-reality-3.png, id=153, 1927.2pt x 354.323
75pt>
File: 05/images/virtuality-continuum-cross-reality-3.png Graphic file (type png
)
 <use 05/images/virtuality-continuum-cross-reality-3.png>
Package pdftex.def Info: 05/images/virtuality-continuum-cross-reality-3.png use
d on input line 58.
(pdftex.def)             Requested size: 469.75502pt x 86.36403pt.


LaTeX Warning: `h' float specifier changed to `ht'.

[39 <./05/images/virtuality-continuum-original.png> <./05/images/virtuality-con
tinuum-augmented-reality.png> <./05/images/virtuality-continuum-cross-reality-1
.png>] [40 <./05/images/virtuality-continuum-cross-reality-2.png> <./05/images/
virtuality-continuum-cross-reality-3.png>]
<05/images/focus-locus-sensus-with-virtuality-continuum.png, id=165, 1927.2pt x
 2252.415pt>
File: 05/images/focus-locus-sensus-with-virtuality-continuum.png Graphic file (
type png)
 <use 05/images/focus-locus-sensus-with-virtuality-continuum.png>
Package pdftex.def Info: 05/images/focus-locus-sensus-with-virtuality-continuum
.png used on input line 79.
(pdftex.def)             Requested size: 321.78104pt x 376.06606pt.

[41

 <./05/images/focus-locus-sensus-with-virtuality-continuum.png>] [42]
<05/images/sallies_layout.png, id=179, 1383.1675pt x 662.475pt>
File: 05/images/sallies_layout.png Graphic file (type png)

<use 05/images/sallies_layout.png>
Package pdftex.def Info: 05/images/sallies_layout.png used on input line 127.
(pdftex.def)             Requested size: 328.82707pt x 157.49107pt.
 [43 <./05/images/sallies_layout.png>]
<05/images/system-architecture.png, id=183, 373.395pt x 271.0125pt>
File: 05/images/system-architecture.png Graphic file (type png)

<use 05/images/system-architecture.png>
Package pdftex.def Info: 05/images/system-architecture.png used on input line 1
44.
(pdftex.def)             Requested size: 234.8775pt x 170.4741pt.

<05/images/experimental-implementation.png, id=184, 743.8992pt x 325.9377pt>
File: 05/images/experimental-implementation.png Graphic file (type png)

<use 05/images/experimental-implementation.png>
Package pdftex.def Info: 05/images/experimental-implementation.png used on inpu
t line 159.
(pdftex.def)             Requested size: 434.52483pt x 190.38681pt.
 [44

 <./05/images/system-architecture.png> <./05/images/experimental-implementation
.png>]
<05/images/rift.png, id=188, 584.1825pt x 476.78125pt>
File: 05/images/rift.png Graphic file (type png)

<use 05/images/rift.png>
Package pdftex.def Info: 05/images/rift.png used on input line 178.
(pdftex.def)             Requested size: 281.85587pt x 230.0455pt.
 [45 <./05/images/rift.png (PNG copy)>]

LaTeX Warning: Reference `pews' on page 46 undefined on input line 219.


LaTeX Warning: Reference `ceiling' on page 46 undefined on input line 219.

[46] [47]
<05/images/focus-locus-sensus-with-virtuality-continuum-with-transition-updated
.png, id=198, 1927.2pt x 2252.415pt>
File: 05/images/focus-locus-sensus-with-virtuality-continuum-with-transition-up
dated.png Graphic file (type png)

<use 05/images/focus-locus-sensus-with-virtuality-continuum-with-transition-upd
ated.png>
Package pdftex.def Info: 05/images/focus-locus-sensus-with-virtuality-continuum
-with-transition-updated.png used on input line 313.
(pdftex.def)             Requested size: 328.82707pt x 384.31462pt.


LaTeX Warning: `h' float specifier changed to `ht'.

<05/images/jack-cole-splodges-black.png, id=199, 1326.9575pt x 1016.79875pt>
File: 05/images/jack-cole-splodges-black.png Graphic file (type png)

<use 05/images/jack-cole-splodges-black.png>
Package pdftex.def Info: 05/images/jack-cole-splodges-black.png used on input l
ine 324.
(pdftex.def)             Requested size: 328.82707pt x 251.96489pt.


LaTeX Warning: `h' float specifier changed to `ht'.

[48] [49 <./05/images/focus-locus-sensus-with-virtuality-continuum-with-transit
ion-updated.png (PNG copy)>] [50 <./05/images/jack-cole-splodges-black.png (PNG
 copy)>]
<05/images/switching-hard-with-controller.png, id=213, 1040.88875pt x 494.84875
pt>
File: 05/images/switching-hard-with-controller.png Graphic file (type png)
 <use 05/images/switching-hard-with-controller.png>
Package pdftex.def Info: 05/images/switching-hard-with-controller.png used on i
nput line 340.
(pdftex.def)             Requested size: 328.82707pt x 156.32367pt.

<05/images/switching-soft-with-controller.png, id=214, 1760.5775pt x 597.23125p
t>
File: 05/images/switching-soft-with-controller.png Graphic file (type png)
 <use 05/images/switching-soft-with-controller.png>
Package pdftex.def Info: 05/images/switching-soft-with-controller.png used on i
nput line 351.
(pdftex.def)             Requested size: 469.75502pt x 159.34996pt.
 [51

 <./05/images/switching-hard-with-controller.png (PNG copy)> <./05/images/switc
hing-soft-with-controller.png (PNG copy)>]
<05/images/switching-analogue-with-controller.png, id=219, 1760.5775pt x 575.14
874pt>
File: 05/images/switching-analogue-with-controller.png Graphic file (type png)
 <use 05/images/switching-analogue-with-controller.png>
Package pdftex.def Info: 05/images/switching-analogue-with-controller.png used 
on input line 364.
(pdftex.def)             Requested size: 422.77664pt x 138.10872pt.

<05/images/timed-switch.png, id=220, 1983.41pt x 349.305pt>
File: 05/images/timed-switch.png Graphic file (type png)

<use 05/images/timed-switch.png>
Package pdftex.def Info: 05/images/timed-switch.png used on input line 377.
(pdftex.def)             Requested size: 469.75502pt x 82.72627pt.
 [52 <./05/images/switching-analogue-with-controller.png (PNG copy)> <./05/imag
es/timed-switch.png (PNG copy)>]
<05/images/base-opacity-hard-switch.png, id=224, 1031.855pt x 494.84875pt>
File: 05/images/base-opacity-hard-switch.png Graphic file (type png)

<use 05/images/base-opacity-hard-switch.png>
Package pdftex.def Info: 05/images/base-opacity-hard-switch.png used on input l
ine 392.
(pdftex.def)             Requested size: 328.82707pt x 157.69037pt.
 [53 <./05/images/base-opacity-hard-switch.png (PNG copy)>] [54] [55]
<05/images/graph.png, id=235, 1927.2pt x 652.4375pt>
File: 05/images/graph.png Graphic file (type png)
 <use 05/images/graph.png>
Package pdftex.def Info: 05/images/graph.png used on input line 521.
(pdftex.def)             Requested size: 469.75502pt x 159.02727pt.

[56 <./05/images/graph.png (PNG copy)>]) [57]
 6.
(./06/content.tex [58

]
<06/images/chapel_path.png, id=245, 2453.165pt x 1245.65375pt>
File: 06/images/chapel_path.png Graphic file (type png)

<use 06/images/chapel_path.png>
Package pdftex.def Info: 06/images/chapel_path.png used on input line 44.
(pdftex.def)             Requested size: 469.75502pt x 238.52036pt.
 [59 <./06/images/chapel_path.png>] [60]
[61] <06/images/sus.png, id=257, 903.375pt x 903.375pt>
File: 06/images/sus.png Graphic file (type png)

<use 06/images/sus.png>
Package pdftex.def Info: 06/images/sus.png used on input line 119.
(pdftex.def)             Requested size: 328.82707pt x 328.82626pt.
 [62 <./06/images/sus.png (PNG copy)>]
<06/images/post_task_questionnaire_boxplot.png, id=261, 903.375pt x 903.375pt>
File: 06/images/post_task_questionnaire_boxplot.png Graphic file (type png)

<use 06/images/post_task_questionnaire_boxplot.png>
Package pdftex.def Info: 06/images/post_task_questionnaire_boxplot.png used on 
input line 133.
(pdftex.def)             Requested size: 422.77664pt x 422.78056pt.
 [63 <./06/images/post_task_questionnaire_boxplot.png (PNG copy)>]
<06/images/24072014_1200_4up.png, id=265, 1927.2pt x 1204.5pt>
File: 06/images/24072014_1200_4up.png Graphic file (type png)

<use 06/images/24072014_1200_4up.png>
Package pdftex.def Info: 06/images/24072014_1200_4up.png used on input line 179
.
(pdftex.def)             Requested size: 469.75502pt x 293.5888pt.

<06/images/24072014_1200_2up.png, id=266, 963.6pt x 1204.5pt>
File: 06/images/24072014_1200_2up.png Graphic file (type png)

<use 06/images/24072014_1200_2up.png>
Package pdftex.def Info: 06/images/24072014_1200_2up.png used on input line 188
.
(pdftex.def)             Requested size: 469.75502pt x 587.19598pt.


LaTeX Warning: Float too large for page by 0.71042pt on input line 192.


LaTeX Warning: `h' float specifier changed to `ht'.

<06/images/25072014_1300_4up.png, id=267, 1927.2pt x 1204.5pt>
File: 06/images/25072014_1300_4up.png Graphic file (type png)

<use 06/images/25072014_1300_4up.png>
Package pdftex.def Info: 06/images/25072014_1300_4up.png used on input line 199
.
(pdftex.def)             Requested size: 469.75502pt x 293.5888pt.


LaTeX Warning: `h' float specifier changed to `ht'.

<06/images/25072014_1300_2up.png, id=268, 963.6pt x 1204.5pt>
File: 06/images/25072014_1300_2up.png Graphic file (type png)

<use 06/images/25072014_1300_2up.png>
Package pdftex.def Info: 06/images/25072014_1300_2up.png used on input line 208
.
(pdftex.def)             Requested size: 469.75502pt x 587.19598pt.


LaTeX Warning: Float too large for page by 0.71042pt on input line 212.


LaTeX Warning: `h' float specifier changed to `ht'.

<06/images/25072014_1400_4up.png, id=269, 1927.2pt x 1204.5pt>
File: 06/images/25072014_1400_4up.png Graphic file (type png)

<use 06/images/25072014_1400_4up.png>
Package pdftex.def Info: 06/images/25072014_1400_4up.png used on input line 219
.
(pdftex.def)             Requested size: 469.75502pt x 293.5888pt.


LaTeX Warning: `h' float specifier changed to `ht'.

<06/images/25072014_1400_2up.png, id=270, 963.6pt x 1204.5pt>
File: 06/images/25072014_1400_2up.png Graphic file (type png)

<use 06/images/25072014_1400_2up.png>
Package pdftex.def Info: 06/images/25072014_1400_2up.png used on input line 228
.
(pdftex.def)             Requested size: 469.75502pt x 587.19598pt.


LaTeX Warning: Float too large for page by 0.71042pt on input line 232.


LaTeX Warning: `h' float specifier changed to `ht'.

<06/images/25072014_1500_4up.png, id=271, 963.6pt x 1204.5pt>
File: 06/images/25072014_1500_4up.png Graphic file (type png)

<use 06/images/25072014_1500_4up.png>
Package pdftex.def Info: 06/images/25072014_1500_4up.png used on input line 238
.
(pdftex.def)             Requested size: 469.75502pt x 587.19598pt.


LaTeX Warning: Float too large for page by 0.71042pt on input line 242.


LaTeX Warning: `h' float specifier changed to `ht'.

<06/images/25072014_1500_2up.png, id=272, 963.6pt x 1204.5pt>
File: 06/images/25072014_1500_2up.png Graphic file (type png)

<use 06/images/25072014_1500_2up.png>
Package pdftex.def Info: 06/images/25072014_1500_2up.png used on input line 246
.
(pdftex.def)             Requested size: 469.75502pt x 587.19598pt.


LaTeX Warning: Float too large for page by 0.71042pt on input line 250.


LaTeX Warning: `h' float specifier changed to `ht'.

<06/images/29082014_1350_4up.png, id=273, 1927.2pt x 1204.5pt>
File: 06/images/29082014_1350_4up.png Graphic file (type png)

<use 06/images/29082014_1350_4up.png>
Package pdftex.def Info: 06/images/29082014_1350_4up.png used on input line 257
.
(pdftex.def)             Requested size: 469.75502pt x 293.5888pt.


LaTeX Warning: `h' float specifier changed to `ht'.

<06/images/29082014_1350_2up.png, id=274, 963.6pt x 1204.5pt>
File: 06/images/29082014_1350_2up.png Graphic file (type png)

<use 06/images/29082014_1350_2up.png>
Package pdftex.def Info: 06/images/29082014_1350_2up.png used on input line 266
.
(pdftex.def)             Requested size: 469.75502pt x 587.19598pt.


LaTeX Warning: Float too large for page by 0.71042pt on input line 270.


LaTeX Warning: `h' float specifier changed to `ht'.

[64 <./06/images/24072014_1200_4up.png (PNG copy)>]
<06/PDFs/Pre_Task_Questionnaire.pdf, id=278, 597.55246pt x 845.07718pt>
File: 06/PDFs/Pre_Task_Questionnaire.pdf Graphic file (type pdf)

<use 06/PDFs/Pre_Task_Questionnaire.pdf>
Package pdftex.def Info: 06/PDFs/Pre_Task_Questionnaire.pdf used on input line 
285.
(pdftex.def)             Requested size: 328.82707pt x 465.05179pt.


LaTeX Warning: `h' float specifier changed to `ht'.



pdfTeX warning: pdflatex (file ./06/PDFs/Post_Task_Questionnaire.pdf): PDF incl
usion: found PDF version <1.6>, but at most version <1.5> allowed
<06/PDFs/Post_Task_Questionnaire.pdf, id=279, 597.55246pt x 845.07718pt>
File: 06/PDFs/Post_Task_Questionnaire.pdf Graphic file (type pdf)

<use 06/PDFs/Post_Task_Questionnaire.pdf>
Package pdftex.def Info: 06/PDFs/Post_Task_Questionnaire.pdf used on input line
 293.
(pdftex.def)             Requested size: 328.82707pt x 465.05179pt.


LaTeX Warning: `h' float specifier changed to `ht'.

<06/PDFs/Post_Task_Questionnaire_2.pdf, id=280, 597.55246pt x 845.07718pt>
File: 06/PDFs/Post_Task_Questionnaire_2.pdf Graphic file (type pdf)

<use 06/PDFs/Post_Task_Questionnaire_2.pdf>
Package pdftex.def Info: 06/PDFs/Post_Task_Questionnaire_2.pdf used on input li
ne 301.
(pdftex.def)             Requested size: 328.82707pt x 465.05179pt.


LaTeX Warning: `h' float specifier changed to `ht'.

<06/PDFs/Structured_Interview.pdf, id=281, 597.55246pt x 845.07718pt>
File: 06/PDFs/Structured_Interview.pdf Graphic file (type pdf)

<use 06/PDFs/Structured_Interview.pdf>
Package pdftex.def Info: 06/PDFs/Structured_Interview.pdf used on input line 30
9.
(pdftex.def)             Requested size: 328.82707pt x 465.05179pt.


LaTeX Warning: `h' float specifier changed to `ht'.

) [65] [66 <./06/images/24072014_1200_2up.png (PNG copy)>] [67 <./06/images/250
72014_1300_4up.png (PNG copy)>] [68 <./06/images/25072014_1300_2up.png (PNG cop
y)>] [69 <./06/images/25072014_1400_4up.png (PNG copy)>] [70 <./06/images/25072
014_1400_2up.png (PNG copy)>] [71 <./06/images/25072014_1500_4up.png (PNG copy)
>] [72 <./06/images/25072014_1500_2up.png (PNG copy)>] [73 <./06/images/2908201
4_1350_4up.png (PNG copy)>] [74 <./06/images/29082014_1350_2up.png (PNG copy)>]
[75 <./06/PDFs/Pre_Task_Questionnaire.pdf>] [76 <./06/PDFs/Post_Task_Questionna
ire.pdf>] [77 <./06/PDFs/Post_Task_Questionnaire_2.pdf>] [78 <./06/PDFs/Structu
red_Interview.pdf>]
 7.
(./07/content.tex) [79

] (./thesis.bbl [80

]
Missing character: There is no â in font cmr10!
Missing character: There is no € in font cmr10!
Missing character: There is no “ in font cmr10!
Missing character: There is no â in font cmr10!
Missing character: There is no € in font cmr10!
Missing character: There is no “ in font cmr10!
 [81

] [82]
Missing character: There is no â in font cmr10!
Missing character: There is no € in font cmr10!
Missing character: There is no “ in font cmr10!
Missing character: There is no â in font cmr10!
Missing character: There is no € in font cmr10!
Missing character: There is no “ in font cmr10!
Missing character: There is no â in font cmr10!
Missing character: There is no € in font cmr10!
Missing character: There is no “ in font cmr10!
 [83]
Underfull \hbox (badness 10000) in paragraph at lines 323--328
[]\OT1/cmr/m/n/10 Jacques Fay-olle.  The Con-cept of the Re-mote Lab-o-ra-tory.

 []


Underfull \hbox (badness 10000) in paragraph at lines 330--335
[]\OT1/cmr/m/n/10 UgoTrade.  EO-LUS Makes Leap To 3D In-ter-net On Sec-ond Life
.
 []


Underfull \hbox (badness 10000) in paragraph at lines 330--335
\OMS/cmsy/m/n/10 n$\OT1/cmr/m/n/10 url\OMS/cmsy/m/n/10 f\OT1/cmr/m/n/10 http://
www.ugotrade.com/2007/07/02/eolus-makes-leap-to-3d-internet-on-second-life/\OMS
/cmsy/m/n/10 g\OT1/cmr/m/n/10 , July
 []

[84]
Underfull \hbox (badness 10000) in paragraph at lines 465--471
[]\OT1/cmr/m/n/10 International Or-ga-ni-za-tion for Stan-dard-iza-tion and (IS
O).  ISO/IEC 23005-1:2011
 []


Underfull \hbox (badness 10000) in paragraph at lines 465--471
\OT1/cmr/m/n/10 - In-for-ma-tion tech-nol-ogy -- Me-dia con-text and con-trol -
- Part 1: Ar-chi-tec-ture.
 []


Underfull \hbox (badness 10000) in paragraph at lines 465--471
\OMS/cmsy/m/n/10 n$\OT1/cmr/m/n/10 url\OMS/cmsy/m/n/10 f\OT1/cmr/m/n/10 http://
www.iso.org/iso/iso[]catalogue/catalogue[]tc/catalogue[]detail.htm?csnumber=549
85\OMS/cmsy/m/n/10 g\OT1/cmr/m/n/10 ,
 []

Missing character: There is no â in font cmr10!
Missing character: There is no € in font cmr10!
Missing character: There is no ™ in font cmr10!
[85]
Missing character: There is no Â in font cmr10!
Missing character: There is no » in font cmr10!
 [86]
Underfull \hbox (badness 1028) in paragraph at lines 644--649
[]\OT1/cmr/m/n/10 George Pa-pa-gian-nakis, Se-bastien Scherten-leib, Michal Pon
-der, Marl^^Rene Ar^^Sevalo-Poizat, Na-dia
 []

Missing character: There is no â in font cmti10!
Missing character: There is no € in font cmti10!
Missing character: There is no “ in font cmti10!
[87]) [88] (./thesis.aux)

LaTeX Warning: There were undefined references.


LaTeX Warning: There were multiply-defined labels.

 ) 
Here is how much of TeX's memory you used:
 2649 strings out of 493108
 45692 string characters out of 6140724
 93152 words of memory out of 5000000
 6015 multiletter control sequences out of 15000+600000
 10641 words of font info for 37 fonts, out of 8000000 for 9000
 1141 hyphenation exceptions out of 8191
 38i,8n,28p,1545b,693s stack positions out of 5000i,500n,10000p,200000b,80000s
</usr/share/texmf-dist/fonts/type1/public/amsfonts/cm/cmbx10.pfb></usr/share/
texmf-dist/fonts/type1/public/amsfonts/cm/cmbx12.pfb></usr/share/texmf-dist/fon
ts/type1/public/amsfonts/cm/cmbx8.pfb></usr/share/texmf-dist/fonts/type1/public
/amsfonts/cm/cmbxti10.pfb></usr/share/texmf-dist/fonts/type1/public/amsfonts/cm
/cmmi10.pfb></usr/share/texmf-dist/fonts/type1/public/amsfonts/cm/cmr10.pfb></u
sr/share/texmf-dist/fonts/type1/public/amsfonts/cm/cmr12.pfb></usr/share/texmf-
dist/fonts/type1/public/amsfonts/cm/cmr17.pfb></usr/share/texmf-dist/fonts/type
1/public/amsfonts/cm/cmr6.pfb></usr/share/texmf-dist/fonts/type1/public/amsfont
s/cm/cmr7.pfb></usr/share/texmf-dist/fonts/type1/public/amsfonts/cm/cmr8.pfb></
usr/share/texmf-dist/fonts/type1/public/amsfonts/cm/cmsy10.pfb></usr/share/texm
f-dist/fonts/type1/public/amsfonts/cm/cmsy7.pfb></usr/share/texmf-dist/fonts/ty
pe1/public/amsfonts/cm/cmti10.pfb></usr/share/texmf-dist/fonts/type1/public/ams
fonts/cm/cmti8.pfb></usr/share/texmf-dist/fonts/type1/public/amsfonts/cm/cmtt10
.pfb>
Output written on thesis.pdf (89 pages, 7652346 bytes).
PDF statistics:
 467 PDF objects out of 1000 (max. 8388607)
 289 compressed objects within 3 object streams
 0 named destinations out of 1000 (max. 500000)
 236 words of extra memory for PDF output out of 10000 (max. 10000000)

