This is pdfTeX, Version 3.14159265-2.6-1.40.15 (TeX Live 2014/Arch Linux) (preloaded format=pdflatex 2014.10.21)  4 NOV 2014 14:02
entering extended mode
 restricted \write18 enabled.
 %&-line parsing enabled.
**phase_1_write_up.tex
(./phase_1_write_up.tex
LaTeX2e <2014/05/01>
Babel <3.9k> and hyphenation patterns for 79 languages loaded.
(/usr/share/texmf-dist/tex/latex/base/book.cls
Document Class: book 2007/10/19 v1.4h Standard LaTeX document class
(/usr/share/texmf-dist/tex/latex/base/bk10.clo
File: bk10.clo 2007/10/19 v1.4h Standard LaTeX file (size option)
)
\c@part=\count79
\c@chapter=\count80
\c@section=\count81
\c@subsection=\count82
\c@subsubsection=\count83
\c@paragraph=\count84
\c@subparagraph=\count85
\c@figure=\count86
\c@table=\count87
\abovecaptionskip=\skip41
\belowcaptionskip=\skip42
\bibindent=\dimen102
)
(/usr/share/texmf-dist/tex/latex/preprint/fullpage.sty
Package: fullpage 1999/02/23 1.1 (PWD)
\FP@margin=\skip43
)
(/usr/share/texmf-dist/tex/latex/graphics/graphicx.sty
Package: graphicx 2014/04/25 v1.0g Enhanced LaTeX Graphics (DPC,SPQR)

(/usr/share/texmf-dist/tex/latex/graphics/keyval.sty
Package: keyval 2014/05/08 v1.15 key=value parser (DPC)
\KV@toks@=\toks14
)
(/usr/share/texmf-dist/tex/latex/graphics/graphics.sty
Package: graphics 2009/02/05 v1.0o Standard LaTeX Graphics (DPC,SPQR)

(/usr/share/texmf-dist/tex/latex/graphics/trig.sty
Package: trig 1999/03/16 v1.09 sin cos tan (DPC)
)
(/usr/share/texmf-dist/tex/latex/latexconfig/graphics.cfg
File: graphics.cfg 2010/04/23 v1.9 graphics configuration of TeX Live
)
Package graphics Info: Driver file: pdftex.def on input line 91.

(/usr/share/texmf-dist/tex/latex/pdftex-def/pdftex.def
File: pdftex.def 2011/05/27 v0.06d Graphics/color for pdfTeX

(/usr/share/texmf-dist/tex/generic/oberdiek/infwarerr.sty
Package: infwarerr 2010/04/08 v1.3 Providing info/warning/error messages (HO)
)
(/usr/share/texmf-dist/tex/generic/oberdiek/ltxcmds.sty
Package: ltxcmds 2011/11/09 v1.22 LaTeX kernel commands for general use (HO)
)
\Gread@gobject=\count88
))
\Gin@req@height=\dimen103
\Gin@req@width=\dimen104
)
(/usr/share/texmf-dist/tex/latex/natbib/natbib.sty
Package: natbib 2010/09/13 8.31b (PWD, AO)
\bibhang=\skip44
\bibsep=\skip45
LaTeX Info: Redefining \cite on input line 694.
\c@NAT@ctr=\count89
)
(/usr/share/texmf-dist/tex/latex/oberdiek/pdflscape.sty
Package: pdflscape 2008/08/11 v0.10 Display of landscape pages in PDF (HO)

(/usr/share/texmf-dist/tex/latex/graphics/lscape.sty
Package: lscape 2000/10/22 v3.01 Landscape Pages (DPC)
)
(/usr/share/texmf-dist/tex/generic/oberdiek/ifpdf.sty
Package: ifpdf 2011/01/30 v2.3 Provides the ifpdf switch (HO)
Package ifpdf Info: pdfTeX in PDF mode is detected.
)
Package pdflscape Info: Auto-detected driver: pdftex on input line 80.

(/usr/share/texmf-dist/tex/generic/ifxetex/ifxetex.sty
Package: ifxetex 2010/09/12 v0.6 Provides ifxetex conditional
))
(/usr/share/texmf-dist/tex/latex/titlesec/titlesec.sty
Package: titlesec 2011/12/15 v2.10.0 Sectioning titles
\ttl@box=\box26
\beforetitleunit=\skip46
\aftertitleunit=\skip47
\ttl@plus=\dimen105
\ttl@minus=\dimen106
\ttl@toksa=\toks15
\titlewidth=\dimen107
\titlewidthlast=\dimen108
\titlewidthfirst=\dimen109
) (./phase_1_write_up.aux

LaTeX Warning: Label `sus' multiply defined.

)
\openout1 = `phase_1_write_up.aux'.

LaTeX Font Info:    Checking defaults for OML/cmm/m/it on input line 20.
LaTeX Font Info:    ... okay on input line 20.
LaTeX Font Info:    Checking defaults for T1/cmr/m/n on input line 20.
LaTeX Font Info:    ... okay on input line 20.
LaTeX Font Info:    Checking defaults for OT1/cmr/m/n on input line 20.
LaTeX Font Info:    ... okay on input line 20.
LaTeX Font Info:    Checking defaults for OMS/cmsy/m/n on input line 20.
LaTeX Font Info:    ... okay on input line 20.
LaTeX Font Info:    Checking defaults for OMX/cmex/m/n on input line 20.
LaTeX Font Info:    ... okay on input line 20.
LaTeX Font Info:    Checking defaults for U/cmr/m/n on input line 20.
LaTeX Font Info:    ... okay on input line 20.
 (/usr/share/texmf-dist/tex/context/base/supp-pdf.mkii
[Loading MPS to PDF converter (version 2006.09.02).]
\scratchcounter=\count90
\scratchdimen=\dimen110
\scratchbox=\box27
\nofMPsegments=\count91
\nofMParguments=\count92
\everyMPshowfont=\toks16
\MPscratchCnt=\count93
\MPscratchDim=\dimen111
\MPnumerator=\count94
\makeMPintoPDFobject=\count95
\everyMPtoPDFconversion=\toks17
) (/usr/share/texmf-dist/tex/generic/oberdiek/pdftexcmds.sty
Package: pdftexcmds 2011/11/29 v0.20 Utility functions of pdfTeX for LuaTeX (HO
)

(/usr/share/texmf-dist/tex/generic/oberdiek/ifluatex.sty
Package: ifluatex 2010/03/01 v1.3 Provides the ifluatex switch (HO)
Package ifluatex Info: LuaTeX not detected.
)
Package pdftexcmds Info: LuaTeX not detected.
Package pdftexcmds Info: \pdf@primitive is available.
Package pdftexcmds Info: \pdf@ifprimitive is available.
Package pdftexcmds Info: \pdfdraftmode found.
)
(/usr/share/texmf-dist/tex/latex/oberdiek/epstopdf-base.sty
Package: epstopdf-base 2010/02/09 v2.5 Base part for package epstopdf

(/usr/share/texmf-dist/tex/latex/oberdiek/grfext.sty
Package: grfext 2010/08/19 v1.1 Manage graphics extensions (HO)

(/usr/share/texmf-dist/tex/generic/oberdiek/kvdefinekeys.sty
Package: kvdefinekeys 2011/04/07 v1.3 Define keys (HO)
))
(/usr/share/texmf-dist/tex/latex/oberdiek/kvoptions.sty
Package: kvoptions 2011/06/30 v3.11 Key value format for package options (HO)

(/usr/share/texmf-dist/tex/generic/oberdiek/kvsetkeys.sty
Package: kvsetkeys 2012/04/25 v1.16 Key value parser (HO)

(/usr/share/texmf-dist/tex/generic/oberdiek/etexcmds.sty
Package: etexcmds 2011/02/16 v1.5 Avoid name clashes with e-TeX commands (HO)
Package etexcmds Info: Could not find \expanded.
(etexcmds)             That can mean that you are not using pdfTeX 1.50 or
(etexcmds)             that some package has redefined \expanded.
(etexcmds)             In the latter case, load this package earlier.
)))
Package grfext Info: Graphics extension search list:
(grfext)             [.png,.pdf,.jpg,.mps,.jpeg,.jbig2,.jb2,.PNG,.PDF,.JPG,.JPE
G,.JBIG2,.JB2,.eps]
(grfext)             \AppendGraphicsExtensions on input line 452.

(/usr/share/texmf-dist/tex/latex/latexconfig/epstopdf-sys.cfg
File: epstopdf-sys.cfg 2010/07/13 v1.3 Configuration of (r)epstopdf for TeX Liv
e
))
LaTeX Font Info:    External font `cmex10' loaded for size
(Font)              <12> on input line 26.
LaTeX Font Info:    External font `cmex10' loaded for size
(Font)              <8> on input line 26.
LaTeX Font Info:    External font `cmex10' loaded for size
(Font)              <6> on input line 26.
 [1


{/var/lib/texmf/fonts/map/pdftex/updmap/pdftex.map}]
Chapter 1.
LaTeX Font Info:    Try loading font information for OMS+cmr on input line 43.
(/usr/share/texmf-dist/tex/latex/base/omscmr.fd
File: omscmr.fd 1999/05/25 v2.5h Standard LaTeX font definitions
)
LaTeX Font Info:    Font shape `OMS/cmr/m/n' in size <10> not available
(Font)              Font shape `OMS/cmsy/m/n' tried instead on input line 43.
 [1

]
<images/chapel_path.png, id=15, 2453.165pt x 1245.65375pt>
File: images/chapel_path.png Graphic file (type png)

<use images/chapel_path.png>
Package pdftex.def Info: images/chapel_path.png used on input line 71.
(pdftex.def)             Requested size: 469.75502pt x 238.52036pt.
 [2 <./images/chapel_path.png>] [3] [4]
<images/sus.png, id=27, 903.375pt x 903.375pt>
File: images/sus.png Graphic file (type png)
 <use images/sus.png>
Package pdftex.def Info: images/sus.png used on input line 146.
(pdftex.def)             Requested size: 328.82707pt x 328.82626pt.
 [5 <./images/sus.png (PNG copy)>]
<images/post_task_questionnaire_boxplot.png, id=31, 903.375pt x 903.375pt>
File: images/post_task_questionnaire_boxplot.png Graphic file (type png)

<use images/post_task_questionnaire_boxplot.png>
Package pdftex.def Info: images/post_task_questionnaire_boxplot.png used on inp
ut line 160.
(pdftex.def)             Requested size: 422.77664pt x 422.78056pt.
 [6 <./images/post_task_questionnaire_boxplot.png (PNG copy)>] [7]
<images/24072014_1200_4up.png, id=40, 1927.2pt x 1204.5pt>
File: images/24072014_1200_4up.png Graphic file (type png)

<use images/24072014_1200_4up.png>
Package pdftex.def Info: images/24072014_1200_4up.png used on input line 206.
(pdftex.def)             Requested size: 625.13507pt x 390.70432pt.


LaTeX Warning: `h' float specifier changed to `ht'.

[8 <./images/24072014_1200_4up.png (PNG copy)>]
<images/24072014_1200_2up.png, id=44, 963.6pt x 1204.5pt>
File: images/24072014_1200_2up.png Graphic file (type png)

<use images/24072014_1200_2up.png>
Package pdftex.def Info: images/24072014_1200_2up.png used on input line 215.
(pdftex.def)             Requested size: 469.75502pt x 587.19598pt.


LaTeX Warning: `h' float specifier changed to `ht'.

[9 <./images/24072014_1200_2up.png (PNG copy)>]
<images/25072014_1300_4up.png, id=48, 1927.2pt x 1204.5pt>
File: images/25072014_1300_4up.png Graphic file (type png)

<use images/25072014_1300_4up.png>
Package pdftex.def Info: images/25072014_1300_4up.png used on input line 226.
(pdftex.def)             Requested size: 625.13507pt x 390.70432pt.


LaTeX Warning: `h' float specifier changed to `ht'.

[10 <./images/25072014_1300_4up.png (PNG copy)>]
<images/25072014_1300_2up.png, id=52, 963.6pt x 1204.5pt>
File: images/25072014_1300_2up.png Graphic file (type png)

<use images/25072014_1300_2up.png>
Package pdftex.def Info: images/25072014_1300_2up.png used on input line 235.
(pdftex.def)             Requested size: 469.75502pt x 587.19598pt.


LaTeX Warning: `h' float specifier changed to `ht'.

[11 <./images/25072014_1300_2up.png (PNG copy)>]
<images/25072014_1400_4up.png, id=56, 1927.2pt x 1204.5pt>
File: images/25072014_1400_4up.png Graphic file (type png)

<use images/25072014_1400_4up.png>
Package pdftex.def Info: images/25072014_1400_4up.png used on input line 246.
(pdftex.def)             Requested size: 625.13507pt x 390.70432pt.


LaTeX Warning: `h' float specifier changed to `ht'.

[12 <./images/25072014_1400_4up.png (PNG copy)>]
<images/25072014_1400_2up.png, id=61, 963.6pt x 1204.5pt>
File: images/25072014_1400_2up.png Graphic file (type png)

<use images/25072014_1400_2up.png>
Package pdftex.def Info: images/25072014_1400_2up.png used on input line 255.
(pdftex.def)             Requested size: 469.75502pt x 587.19598pt.


LaTeX Warning: `h' float specifier changed to `ht'.

<images/25072014_1500_4up.png, id=62, 963.6pt x 1204.5pt>
File: images/25072014_1500_4up.png Graphic file (type png)

<use images/25072014_1500_4up.png>
Package pdftex.def Info: images/25072014_1500_4up.png used on input line 265.
(pdftex.def)             Requested size: 469.75502pt x 587.19598pt.


LaTeX Warning: `h' float specifier changed to `ht'.

<images/25072014_1500_2up.png, id=63, 963.6pt x 1204.5pt>
File: images/25072014_1500_2up.png Graphic file (type png)

<use images/25072014_1500_2up.png>
Package pdftex.def Info: images/25072014_1500_2up.png used on input line 273.
(pdftex.def)             Requested size: 469.75502pt x 587.19598pt.


LaTeX Warning: `h' float specifier changed to `ht'.

[13 <./images/25072014_1400_2up.png (PNG copy)>] [14 <./images/25072014_1500_4u
p.png (PNG copy)>] [15 <./images/25072014_1500_2up.png (PNG copy)>]
<images/29082014_1350_4up.png, id=73, 1927.2pt x 1204.5pt>
File: images/29082014_1350_4up.png Graphic file (type png)

<use images/29082014_1350_4up.png>
Package pdftex.def Info: images/29082014_1350_4up.png used on input line 284.
(pdftex.def)             Requested size: 625.13507pt x 390.70432pt.


LaTeX Warning: `h' float specifier changed to `ht'.

[16 <./images/29082014_1350_4up.png (PNG copy)>]
<images/29082014_1350_2up.png, id=77, 963.6pt x 1204.5pt>
File: images/29082014_1350_2up.png Graphic file (type png)

<use images/29082014_1350_2up.png>
Package pdftex.def Info: images/29082014_1350_2up.png used on input line 293.
(pdftex.def)             Requested size: 469.75502pt x 587.19598pt.


LaTeX Warning: `h' float specifier changed to `ht'.

(./phase_1_write_up.bbl [17








] [18 <./images/29082014_1350_2up.png (PNG copy)>])
[19

]
Appendix A.
<PDFs/Pre_Task_Questionnaire.pdf, id=88, 597.55246pt x 845.07718pt>
File: PDFs/Pre_Task_Questionnaire.pdf Graphic file (type pdf)

<use PDFs/Pre_Task_Questionnaire.pdf>
Package pdftex.def Info: PDFs/Pre_Task_Questionnaire.pdf used on input line 315
.
(pdftex.def)             Requested size: 328.82707pt x 465.05179pt.
 [20

 <./PDFs/Pre_Task_Questionnaire.pdf>]
Appendix B.


pdfTeX warning: pdflatex (file ./PDFs/Post_Task_Questionnaire.pdf): PDF inclusi
on: found PDF version <1.6>, but at most version <1.5> allowed
<PDFs/Post_Task_Questionnaire.pdf, id=107, 597.55246pt x 845.07718pt>
File: PDFs/Post_Task_Questionnaire.pdf Graphic file (type pdf)

<use PDFs/Post_Task_Questionnaire.pdf>
Package pdftex.def Info: PDFs/Post_Task_Questionnaire.pdf used on input line 32
3.
(pdftex.def)             Requested size: 328.82707pt x 465.05179pt.
 [21

 <./PDFs/Post_Task_Questionnaire.pdf>]
Appendix C.
<PDFs/Post_Task_Questionnaire_2.pdf, id=124, 597.55246pt x 845.07718pt>
File: PDFs/Post_Task_Questionnaire_2.pdf Graphic file (type pdf)

<use PDFs/Post_Task_Questionnaire_2.pdf>
Package pdftex.def Info: PDFs/Post_Task_Questionnaire_2.pdf used on input line 
331.
(pdftex.def)             Requested size: 328.82707pt x 465.05179pt.
 [22

 <./PDFs/Post_Task_Questionnaire_2.pdf>]
Appendix D.
<PDFs/Structured_Interview.pdf, id=141, 597.55246pt x 845.07718pt>
File: PDFs/Structured_Interview.pdf Graphic file (type pdf)

<use PDFs/Structured_Interview.pdf>
Package pdftex.def Info: PDFs/Structured_Interview.pdf used on input line 339.
(pdftex.def)             Requested size: 328.82707pt x 465.05179pt.
 [23

 <./PDFs/Structured_Interview.pdf>]
(./phase_1_write_up.aux)

LaTeX Warning: There were multiply-defined labels.

 ) 
Here is how much of TeX's memory you used:
 2301 strings out of 493108
 32893 string characters out of 6140724
 95341 words of memory out of 5000000
 5728 multiletter control sequences out of 15000+600000
 8548 words of font info for 30 fonts, out of 8000000 for 9000
 1141 hyphenation exceptions out of 8191
 38i,6n,32p,902b,287s stack positions out of 5000i,500n,10000p,200000b,80000s
</usr/share/texmf-dist/fonts/type1/public/amsfonts/cm/cmbx10.pfb></usr/share/
texmf-dist/fonts/type1/public/amsfonts/cm/cmbx12.pfb></usr/share/texmf-dist/fon
ts/type1/public/amsfonts/cm/cmr10.pfb></usr/share/texmf-dist/fonts/type1/public
/amsfonts/cm/cmr12.pfb></usr/share/texmf-dist/fonts/type1/public/amsfonts/cm/cm
r17.pfb></usr/share/texmf-dist/fonts/type1/public/amsfonts/cm/cmsy10.pfb></usr/
share/texmf-dist/fonts/type1/public/amsfonts/cm/cmti10.pfb>
Output written on phase_1_write_up.pdf (24 pages, 2023973 bytes).
PDF statistics:
 183 PDF objects out of 1000 (max. 8388607)
 118 compressed objects within 2 object streams
 0 named destinations out of 1000 (max. 500000)
 86 words of extra memory for PDF output out of 10000 (max. 10000000)

