This is pdfTeX, Version 3.14159265-2.6-1.40.15 (TeX Live 2014/Arch Linux) (preloaded format=pdflatex 2014.9.1)  17 OCT 2014 14:48
entering extended mode
 restricted \write18 enabled.
 %&-line parsing enabled.
**experimental_plan.tex
(./experimental_plan.tex
LaTeX2e <2014/05/01>
Babel <3.9k> and hyphenation patterns for 79 languages loaded.
(/usr/share/texmf-dist/tex/latex/base/book.cls
Document Class: book 2007/10/19 v1.4h Standard LaTeX document class
(/usr/share/texmf-dist/tex/latex/base/bk10.clo
File: bk10.clo 2007/10/19 v1.4h Standard LaTeX file (size option)
)
\c@part=\count79
\c@chapter=\count80
\c@section=\count81
\c@subsection=\count82
\c@subsubsection=\count83
\c@paragraph=\count84
\c@subparagraph=\count85
\c@figure=\count86
\c@table=\count87
\abovecaptionskip=\skip41
\belowcaptionskip=\skip42
\bibindent=\dimen102
)
(/usr/share/texmf-dist/tex/latex/preprint/fullpage.sty
Package: fullpage 1999/02/23 1.1 (PWD)
\FP@margin=\skip43
)
(/usr/share/texmf-dist/tex/latex/graphics/graphicx.sty
Package: graphicx 2014/04/25 v1.0g Enhanced LaTeX Graphics (DPC,SPQR)

(/usr/share/texmf-dist/tex/latex/graphics/keyval.sty
Package: keyval 2014/05/08 v1.15 key=value parser (DPC)
\KV@toks@=\toks14
)
(/usr/share/texmf-dist/tex/latex/graphics/graphics.sty
Package: graphics 2009/02/05 v1.0o Standard LaTeX Graphics (DPC,SPQR)

(/usr/share/texmf-dist/tex/latex/graphics/trig.sty
Package: trig 1999/03/16 v1.09 sin cos tan (DPC)
)
(/usr/share/texmf-dist/tex/latex/latexconfig/graphics.cfg
File: graphics.cfg 2010/04/23 v1.9 graphics configuration of TeX Live
)
Package graphics Info: Driver file: pdftex.def on input line 91.

(/usr/share/texmf-dist/tex/latex/pdftex-def/pdftex.def
File: pdftex.def 2011/05/27 v0.06d Graphics/color for pdfTeX

(/usr/share/texmf-dist/tex/generic/oberdiek/infwarerr.sty
Package: infwarerr 2010/04/08 v1.3 Providing info/warning/error messages (HO)
)
(/usr/share/texmf-dist/tex/generic/oberdiek/ltxcmds.sty
Package: ltxcmds 2011/11/09 v1.22 LaTeX kernel commands for general use (HO)
)
\Gread@gobject=\count88
))
\Gin@req@height=\dimen103
\Gin@req@width=\dimen104
)
(/usr/share/texmf-dist/tex/latex/natbib/natbib.sty
Package: natbib 2010/09/13 8.31b (PWD, AO)
\bibhang=\skip44
\bibsep=\skip45
LaTeX Info: Redefining \cite on input line 694.
\c@NAT@ctr=\count89
)
(/usr/share/texmf-dist/tex/latex/oberdiek/pdflscape.sty
Package: pdflscape 2008/08/11 v0.10 Display of landscape pages in PDF (HO)

(/usr/share/texmf-dist/tex/latex/graphics/lscape.sty
Package: lscape 2000/10/22 v3.01 Landscape Pages (DPC)
)
(/usr/share/texmf-dist/tex/generic/oberdiek/ifpdf.sty
Package: ifpdf 2011/01/30 v2.3 Provides the ifpdf switch (HO)
Package ifpdf Info: pdfTeX in PDF mode is detected.
)
Package pdflscape Info: Auto-detected driver: pdftex on input line 80.

(/usr/share/texmf-dist/tex/generic/ifxetex/ifxetex.sty
Package: ifxetex 2010/09/12 v0.6 Provides ifxetex conditional
))
(/usr/share/texmf-dist/tex/latex/titlesec/titlesec.sty
Package: titlesec 2011/12/15 v2.10.0 Sectioning titles
\ttl@box=\box26
\beforetitleunit=\skip46
\aftertitleunit=\skip47
\ttl@plus=\dimen105
\ttl@minus=\dimen106
\ttl@toksa=\toks15
\titlewidth=\dimen107
\titlewidthlast=\dimen108
\titlewidthfirst=\dimen109
)
(./experimental_plan.aux)
\openout1 = `experimental_plan.aux'.

LaTeX Font Info:    Checking defaults for OML/cmm/m/it on input line 20.
LaTeX Font Info:    ... okay on input line 20.
LaTeX Font Info:    Checking defaults for T1/cmr/m/n on input line 20.
LaTeX Font Info:    ... okay on input line 20.
LaTeX Font Info:    Checking defaults for OT1/cmr/m/n on input line 20.
LaTeX Font Info:    ... okay on input line 20.
LaTeX Font Info:    Checking defaults for OMS/cmsy/m/n on input line 20.
LaTeX Font Info:    ... okay on input line 20.
LaTeX Font Info:    Checking defaults for OMX/cmex/m/n on input line 20.
LaTeX Font Info:    ... okay on input line 20.
LaTeX Font Info:    Checking defaults for U/cmr/m/n on input line 20.
LaTeX Font Info:    ... okay on input line 20.
 (/usr/share/texmf-dist/tex/context/base/supp-pdf.mkii
[Loading MPS to PDF converter (version 2006.09.02).]
\scratchcounter=\count90
\scratchdimen=\dimen110
\scratchbox=\box27
\nofMPsegments=\count91
\nofMParguments=\count92
\everyMPshowfont=\toks16
\MPscratchCnt=\count93
\MPscratchDim=\dimen111
\MPnumerator=\count94
\makeMPintoPDFobject=\count95
\everyMPtoPDFconversion=\toks17
) (/usr/share/texmf-dist/tex/generic/oberdiek/pdftexcmds.sty
Package: pdftexcmds 2011/11/29 v0.20 Utility functions of pdfTeX for LuaTeX (HO
)

(/usr/share/texmf-dist/tex/generic/oberdiek/ifluatex.sty
Package: ifluatex 2010/03/01 v1.3 Provides the ifluatex switch (HO)
Package ifluatex Info: LuaTeX not detected.
)
Package pdftexcmds Info: LuaTeX not detected.
Package pdftexcmds Info: \pdf@primitive is available.
Package pdftexcmds Info: \pdf@ifprimitive is available.
Package pdftexcmds Info: \pdfdraftmode found.
)
(/usr/share/texmf-dist/tex/latex/oberdiek/epstopdf-base.sty
Package: epstopdf-base 2010/02/09 v2.5 Base part for package epstopdf

(/usr/share/texmf-dist/tex/latex/oberdiek/grfext.sty
Package: grfext 2010/08/19 v1.1 Manage graphics extensions (HO)

(/usr/share/texmf-dist/tex/generic/oberdiek/kvdefinekeys.sty
Package: kvdefinekeys 2011/04/07 v1.3 Define keys (HO)
))
(/usr/share/texmf-dist/tex/latex/oberdiek/kvoptions.sty
Package: kvoptions 2011/06/30 v3.11 Key value format for package options (HO)

(/usr/share/texmf-dist/tex/generic/oberdiek/kvsetkeys.sty
Package: kvsetkeys 2012/04/25 v1.16 Key value parser (HO)

(/usr/share/texmf-dist/tex/generic/oberdiek/etexcmds.sty
Package: etexcmds 2011/02/16 v1.5 Avoid name clashes with e-TeX commands (HO)
Package etexcmds Info: Could not find \expanded.
(etexcmds)             That can mean that you are not using pdfTeX 1.50 or
(etexcmds)             that some package has redefined \expanded.
(etexcmds)             In the latter case, load this package earlier.
)))
Package grfext Info: Graphics extension search list:
(grfext)             [.png,.pdf,.jpg,.mps,.jpeg,.jbig2,.jb2,.PNG,.PDF,.JPG,.JPE
G,.JBIG2,.JB2,.eps]
(grfext)             \AppendGraphicsExtensions on input line 452.

(/usr/share/texmf-dist/tex/latex/latexconfig/epstopdf-sys.cfg
File: epstopdf-sys.cfg 2010/07/13 v1.3 Configuration of (r)epstopdf for TeX Liv
e
))
LaTeX Font Info:    External font `cmex10' loaded for size
(Font)              <12> on input line 26.
LaTeX Font Info:    External font `cmex10' loaded for size
(Font)              <8> on input line 26.
LaTeX Font Info:    External font `cmex10' loaded for size
(Font)              <6> on input line 26.
 [1


{/var/lib/texmf/fonts/map/pdftex/updmap/pdftex.map}]
Chapter 1.
<images/virtuality-continuum-original.png, id=8, 1927.2pt x 293.095pt>
File: images/virtuality-continuum-original.png Graphic file (type png)

<use images/virtuality-continuum-original.png>
Package pdftex.def Info: images/virtuality-continuum-original.png used on input
 line 49.
(pdftex.def)             Requested size: 469.75502pt x 71.43993pt.

<images/virtuality-continuum-augmented-reality.png, id=9, 1927.2pt x 357.335pt>
File: images/virtuality-continuum-augmented-reality.png Graphic file (type png)

<use images/virtuality-continuum-augmented-reality.png>
Package pdftex.def Info: images/virtuality-continuum-augmented-reality.png used
 on input line 61.
(pdftex.def)             Requested size: 469.75502pt x 87.098pt.


LaTeX Warning: `h' float specifier changed to `ht'.


<images/virtuality-continuum-cross-reality-1.png, id=10, 1927.2pt x 322.20375pt
>
File: images/virtuality-continuum-cross-reality-1.png Graphic file (type png)
 <use images/virtuality-continuum-cross-reality-1.png>
Package pdftex.def Info: images/virtuality-continuum-cross-reality-1.png used o
n input line 69.
(pdftex.def)             Requested size: 469.75502pt x 78.535pt.


LaTeX Warning: `h' float specifier changed to `ht'.

<images/virtuality-continuum-cross-reality-2.png, id=11, 1927.2pt x 345.29pt>
File: images/virtuality-continuum-cross-reality-2.png Graphic file (type png)

<use images/virtuality-continuum-cross-reality-2.png>
Package pdftex.def Info: images/virtuality-continuum-cross-reality-2.png used o
n input line 77.
(pdftex.def)             Requested size: 469.75502pt x 84.16211pt.


LaTeX Warning: `h' float specifier changed to `ht'.


<images/virtuality-continuum-cross-reality-3.png, id=12, 1927.2pt x 354.32375pt
>
File: images/virtuality-continuum-cross-reality-3.png Graphic file (type png)
 <use images/virtuality-continuum-cross-reality-3.png>
Package pdftex.def Info: images/virtuality-continuum-cross-reality-3.png used o
n input line 85.
(pdftex.def)             Requested size: 469.75502pt x 86.36403pt.


LaTeX Warning: `h' float specifier changed to `ht'.

[1

 <./images/virtuality-continuum-original.png>] [2 <./images/virtuality-continuu
m-augmented-reality.png> <./images/virtuality-continuum-cross-reality-1.png> <.
/images/virtuality-continuum-cross-reality-2.png> <./images/virtuality-continuu
m-cross-reality-3.png>]
LaTeX Font Info:    External font `cmex10' loaded for size
(Font)              <7> on input line 102.
LaTeX Font Info:    External font `cmex10' loaded for size
(Font)              <5> on input line 102.

<images/focus-locus-sensus-with-virtuality-continuum.png, id=28, 1927.2pt x 225
2.415pt>
File: images/focus-locus-sensus-with-virtuality-continuum.png Graphic file (typ
e png)
 <use images/focus-locus-sensus-with-virtuality-continuum.png>
Package pdftex.def Info: images/focus-locus-sensus-with-virtuality-continuum.pn
g used on input line 106.
(pdftex.def)             Requested size: 321.78104pt x 376.06606pt.
 [3

 <./images/focus-locus-sensus-with-virtuality-continuum.png>]
LaTeX Font Info:    Try loading font information for OMS+cmr on input line 127.


(/usr/share/texmf-dist/tex/latex/base/omscmr.fd
File: omscmr.fd 1999/05/25 v2.5h Standard LaTeX font definitions
)
LaTeX Font Info:    Font shape `OMS/cmr/m/n' in size <10> not available
(Font)              Font shape `OMS/cmsy/m/n' tried instead on input line 127.
 [4]
<images/sallies_layout.png, id=42, 1383.1675pt x 662.475pt>
File: images/sallies_layout.png Graphic file (type png)

<use images/sallies_layout.png>
Package pdftex.def Info: images/sallies_layout.png used on input line 154.
(pdftex.def)             Requested size: 328.82707pt x 157.49107pt.
 [5 <./images/sallies_layout.png>]
Chapter 2.
<images/system-architecture.png, id=46, 373.395pt x 271.0125pt>
File: images/system-architecture.png Graphic file (type png)

<use images/system-architecture.png>
Package pdftex.def Info: images/system-architecture.png used on input line 171.

(pdftex.def)             Requested size: 234.8775pt x 170.4741pt.

<images/experimental-implementation.png, id=47, 743.8992pt x 325.9377pt>
File: images/experimental-implementation.png Graphic file (type png)

<use images/experimental-implementation.png>
Package pdftex.def Info: images/experimental-implementation.png used on input l
ine 186.
(pdftex.def)             Requested size: 434.52483pt x 190.38681pt.
 [6


 <./images/system-architecture.png> <./images/experimental-implementation.png>]

<images/rift.png, id=52, 584.1825pt x 476.78125pt>
File: images/rift.png Graphic file (type png)
 <use images/rift.png>
Package pdftex.def Info: images/rift.png used on input line 205.
(pdftex.def)             Requested size: 281.85587pt x 230.0455pt.

[7 <./images/rift.png (PNG copy)>] [8]
Chapter 3.

LaTeX Warning: Reference `pews' on page 9 undefined on input line 246.


LaTeX Warning: Reference `ceiling' on page 9 undefined on input line 246.

[9

]
Chapter 4.
[10

]
<images/focus-locus-sensus-with-virtuality-continuum-with-transition-updated.pn
g, id=66, 1927.2pt x 2252.415pt>
File: images/focus-locus-sensus-with-virtuality-continuum-with-transition-updat
ed.png Graphic file (type png)

<use images/focus-locus-sensus-with-virtuality-continuum-with-transition-update
d.png>
Package pdftex.def Info: images/focus-locus-sensus-with-virtuality-continuum-wi
th-transition-updated.png used on input line 340.
(pdftex.def)             Requested size: 328.82707pt x 384.31462pt.
 [11 <./images/focus-locus-sensus-with-virtuality-continuum-with-transition-upd
ated.png (PNG copy)>]
<images/jack-cole-splodges-black.png, id=70, 1326.9575pt x 1016.79875pt>
File: images/jack-cole-splodges-black.png Graphic file (type png)

<use images/jack-cole-splodges-black.png>
Package pdftex.def Info: images/jack-cole-splodges-black.png used on input line
 351.
(pdftex.def)             Requested size: 328.82707pt x 251.96489pt.
 [12 <./images/jack-cole-splodges-black.png (PNG copy)>]
<images/switching-hard-with-controller.png, id=77, 1040.88875pt x 494.84875pt>
File: images/switching-hard-with-controller.png Graphic file (type png)

<use images/switching-hard-with-controller.png>
Package pdftex.def Info: images/switching-hard-with-controller.png used on inpu
t line 367.
(pdftex.def)             Requested size: 328.82707pt x 156.32367pt.

<images/switching-soft-with-controller.png, id=78, 1760.5775pt x 597.23125pt>
File: images/switching-soft-with-controller.png Graphic file (type png)

<use images/switching-soft-with-controller.png>
Package pdftex.def Info: images/switching-soft-with-controller.png used on inpu
t line 378.
(pdftex.def)             Requested size: 469.75502pt x 159.34996pt.
 [13

 <./images/switching-hard-with-controller.png (PNG copy)> <./images/switching-s
oft-with-controller.png (PNG copy)>]
<images/switching-analogue-with-controller.png, id=83, 1760.5775pt x 575.14874p
t>
File: images/switching-analogue-with-controller.png Graphic file (type png)
 <use images/switching-analogue-with-controller.png>
Package pdftex.def Info: images/switching-analogue-with-controller.png used on 
input line 391.
(pdftex.def)             Requested size: 422.77664pt x 138.10872pt.

<images/timed-switch.png, id=84, 1983.41pt x 349.305pt>
File: images/timed-switch.png Graphic file (type png)

<use images/timed-switch.png>
Package pdftex.def Info: images/timed-switch.png used on input line 404.
(pdftex.def)             Requested size: 469.75502pt x 82.72627pt.
 [14 <./images/switching-analogue-with-controller.png (PNG copy)> <./images/tim
ed-switch.png (PNG copy)>]
<images/base-opacity-hard-switch.png, id=88, 1031.855pt x 494.84875pt>
File: images/base-opacity-hard-switch.png Graphic file (type png)

<use images/base-opacity-hard-switch.png>
Package pdftex.def Info: images/base-opacity-hard-switch.png used on input line
 419.
(pdftex.def)             Requested size: 328.82707pt x 157.69037pt.
 [15 <./images/base-opacity-hard-switch.png (PNG copy)>] [16] [17] <images/grap
h.png, id=98, 1927.2pt x 652.4375pt>
File: images/graph.png Graphic file (type png)

<use images/graph.png>
Package pdftex.def Info: images/graph.png used on input line 548.
(pdftex.def)             Requested size: 625.13507pt x 211.6315pt.
 [18

 <./images/graph.png (PNG copy)>]
Appendix A.
(./experimental_plan.bbl [19


] [20

]
Underfull \hbox (badness 1577) in paragraph at lines 125--130
[]\OT1/cmr/m/n/10 George Pa-pa-gian-nakis, Se-bastien Scherten-leib, Michal Pon
-der, Marl^^Rene Ar^^Sevalo-Poizat, Na-dia
 []

Missing character: There is no â in font cmti10!
Missing character: There is no € in font cmti10!
Missing character: There is no “ in font cmti10!
[21]) [22] (./experimental_plan.aux)

LaTeX Warning: There were undefined references.

 ) 
Here is how much of TeX's memory you used:
 2446 strings out of 493108
 37032 string characters out of 6140726
 96989 words of memory out of 5000000
 5869 multiletter control sequences out of 15000+600000
 9736 words of font info for 34 fonts, out of 8000000 for 9000
 1141 hyphenation exceptions out of 8191
 38i,8n,32p,1341b,321s stack positions out of 5000i,500n,10000p,200000b,80000s
</usr/share/texmf-dist/fonts/type1/public/amsfonts/cm/cmbx10.pfb></usr/share/
texmf-dist/fonts/type1/public/amsfonts/cm/cmbx12.pfb></usr/share/texmf-dist/fon
ts/type1/public/amsfonts/cm/cmbx8.pfb></usr/share/texmf-dist/fonts/type1/public
/amsfonts/cm/cmbxti10.pfb></usr/share/texmf-dist/fonts/type1/public/amsfonts/cm
/cmmi10.pfb></usr/share/texmf-dist/fonts/type1/public/amsfonts/cm/cmr10.pfb></u
sr/share/texmf-dist/fonts/type1/public/amsfonts/cm/cmr12.pfb></usr/share/texmf-
dist/fonts/type1/public/amsfonts/cm/cmr17.pfb></usr/share/texmf-dist/fonts/type
1/public/amsfonts/cm/cmr6.pfb></usr/share/texmf-dist/fonts/type1/public/amsfont
s/cm/cmr7.pfb></usr/share/texmf-dist/fonts/type1/public/amsfonts/cm/cmr8.pfb></
usr/share/texmf-dist/fonts/type1/public/amsfonts/cm/cmsy10.pfb></usr/share/texm
f-dist/fonts/type1/public/amsfonts/cm/cmsy7.pfb></usr/share/texmf-dist/fonts/ty
pe1/public/amsfonts/cm/cmti10.pfb></usr/share/texmf-dist/fonts/type1/public/ams
fonts/cm/cmti8.pfb></usr/share/texmf-dist/fonts/type1/public/amsfonts/cm/cmtt10
.pfb>
Output written on experimental_plan.pdf (23 pages, 2883777 bytes).
PDF statistics:
 166 PDF objects out of 1000 (max. 8388607)
 100 compressed objects within 1 object stream
 0 named destinations out of 1000 (max. 500000)
 91 words of extra memory for PDF output out of 10000 (max. 10000000)

